Arguments: 
  /usr/local/bin/node /usr/local/Cellar/yarn/1.22.10/libexec/bin/yarn.js

PATH: 
  /Library/Frameworks/Python.framework/Versions/3.9/bin:/usr/local/bin:/usr/bin:/bin:/usr/sbin:/sbin:/Library/Frameworks/Python.framework/Versions/3.9/bin

Yarn version: 
  1.22.10

Node version: 
  14.17.3

Platform: 
  darwin x64

Trace: 
  Error: ENOENT: no such file or directory, copyfile '/Users/luyao/Library/Caches/Yarn/v6/npm-ansi-styles-3.2.1-41fbb20243e50b12be0f04b8dedbf07520ce841d-integrity/node_modules/ansi-styles/index.js' -> '/Users/luyao/WORK/vue3-tsx-vite-admin/node_modules/@babel/highlight/node_modules/ansi-styles/index.js'

npm manifest: 
  {
    "name": "m-dmm",
    "version": "0.0.0",
    "scripts": {
      "dev": "vite",
      "build": "vue-tsc --noEmit && vite build",
      "build:dev": "vue-tsc --noEmit && vite build --mode development",
      "build:qa": "vue-tsc --noEmit && vite build --mode qa",
      "build:online": "vue-tsc --noEmit && vite build --mode production",
      "serve": "vite preview"
    },
    "dependencies": {
      "@element-plus/icons": "^0.0.11",
      "@types/lodash": "^4.14.171",
      "axios": "^0.21.1",
      "element-plus": "^1.1.0-beta.19",
      "lodash": "^4.17.21",
      "vue": "^3.0.5",
      "vue-router": "^4.0.10",
      "vuex": "^4.0.2"
    },
    "devDependencies": {
      "@types/node": "^16.4.10",
      "@vitejs/plugin-vue": "^1.3.0",
      "@vitejs/plugin-vue-jsx": "^1.1.8",
      "@vue/compiler-sfc": "^3.0.5",
      "babel-plugin-import": "^1.13.3",
      "dayjs": "^1.10.7",
      "less": "^4.1.1",
      "mitt": "^3.0.0",
      "postcss-pxtorem": "^6.0.0",
      "typescript": "^4.3.2",
      "vite": "^2.4.4",
      "vite-plugin-compression": "^0.3.5",
      "vite-plugin-element-plus": "0.0.12",
      "vite-plugin-imp": "^2.0.7",
      "vite-plugin-style-import": "^1.2.1",
      "vue-tsc": "^0.2.2"
    }
  }

yarn manifest: 
  No manifest

Lockfile: 
  No lockfile
